2026-01-29 17:18:37,955 INFO [main] o.a.n.b.NotificationServiceManager Successfully loaded the following 0 services: []
2026-01-29 17:18:38,027 INFO [main] org.apache.nifi.bootstrap.RunNiFi Registered no Notification Services for Notification Type NIFI_STARTED
2026-01-29 17:18:38,030 INFO [main] org.apache.nifi.bootstrap.RunNiFi Registered no Notification Services for Notification Type NIFI_STOPPED
2026-01-29 17:18:38,030 INFO [main] org.apache.nifi.bootstrap.RunNiFi Registered no Notification Services for Notification Type NIFI_DIED
2026-01-29 17:18:38,042 INFO [main] org.apache.nifi.bootstrap.RunNiFi Runtime Java version: 11.0.18
2026-01-29 17:18:38,124 INFO [main] org.apache.nifi.bootstrap.Command Starting Apache NiFi...
2026-01-29 17:18:38,124 INFO [main] org.apache.nifi.bootstrap.Command Working Directory: /opt/nifi/nifi-current
2026-01-29 17:18:38,125 INFO [main] org.apache.nifi.bootstrap.Command Command: /opt/java/openjdk/bin/java -classpath /opt/nifi/nifi-current/./conf:/opt/nifi/nifi-current/./lib/jetty-schemas-5.2.jar:/opt/nifi/nifi-current/./lib/nifi-nar-utils-1.20.0.jar:/opt/nifi/nifi-current/./lib/logback-classic-1.3.5.jar:/opt/nifi/nifi-current/./lib/slf4j-api-2.0.6.jar:/opt/nifi/nifi-current/./lib/nifi-framework-api-1.20.0.jar:/opt/nifi/nifi-current/./lib/logback-core-1.3.5.jar:/opt/nifi/nifi-current/./lib/nifi-runtime-1.20.0.jar:/opt/nifi/nifi-current/./lib/nifi-api-1.20.0.jar:/opt/nifi/nifi-current/./lib/nifi-stateless-api-1.20.0.jar:/opt/nifi/nifi-current/./lib/javax.servlet-api-3.1.0.jar:/opt/nifi/nifi-current/./lib/log4j-over-slf4j-2.0.6.jar:/opt/nifi/nifi-current/./lib/nifi-properties-1.20.0.jar:/opt/nifi/nifi-current/./lib/nifi-property-utils-1.20.0.jar:/opt/nifi/nifi-current/./lib/jcl-over-slf4j-2.0.6.jar:/opt/nifi/nifi-current/./lib/nifi-stateless-bootstrap-1.20.0.jar:/opt/nifi/nifi-current/./lib/jul-to-slf4j-2.0.6.jar:/opt/nifi/nifi-current/./lib/nifi-server-api-1.20.0.jar:/opt/nifi/nifi-current/./lib/java11/javax.annotation-api-1.3.2.jar:/opt/nifi/nifi-current/./lib/java11/jakarta.activation-api-1.2.2.jar:/opt/nifi/nifi-current/./lib/java11/jakarta.xml.bind-api-2.3.3.jar:/opt/nifi/nifi-current/./lib/java11/jaxb-runtime-2.3.5.jar:/opt/nifi/nifi-current/./lib/java11/jakarta.activation-1.2.2.jar:/opt/nifi/nifi-current/./lib/java11/istack-commons-runtime-3.0.12.jar:/opt/nifi/nifi-current/./lib/java11/txw2-2.3.5.jar -Dorg.apache.jasper.compiler.disablejsr199=true -Xmx512m -Xms512m -Dcurator-log-only-first-connection-issue-as-error-level=true -Djavax.security.auth.useSubjectCredsOnly=true -Djava.security.egd=file:/dev/urandom -Dzookeeper.admin.enableServer=false -Dsun.net.http.allowRestrictedHeaders=true -Djava.net.preferIPv4Stack=true -Djava.awt.headless=true -Djava.protocol.handler.pkgs=sun.net.www.protocol -Dnifi.properties.file.path=/opt/nifi/nifi-current/./conf/nifi.properties -Dnifi.bootstrap.listen.port=33923 -Dapp=NiFi -Dorg.apache.nifi.bootstrap.config.log.dir=/opt/nifi/nifi-current/logs org.apache.nifi.NiFi 
2026-01-29 17:18:38,205 INFO [main] org.apache.nifi.bootstrap.Command Launched Apache NiFi with Process ID 88
2026-01-29 17:18:39,647 INFO [NiFi Bootstrap Command Listener] org.apache.nifi.bootstrap.RunNiFi Apache NiFi now running and listening for Bootstrap requests on port 43801
2026-01-29 17:19:14,479 ERROR [NiFi logging handler] org.apache.nifi.StdErr Warning: Nashorn engine is planned to be removed from a future JDK release
2026-01-29 17:19:18,159 ERROR [NiFi logging handler] org.apache.nifi.StdErr Warning: Nashorn engine is planned to be removed from a future JDK release
2026-01-29 17:19:18,495 ERROR [NiFi logging handler] org.apache.nifi.StdErr Warning: Nashorn engine is planned to be removed from a future JDK release
2026-01-29 17:19:18,508 ERROR [NiFi logging handler] org.apache.nifi.StdErr Warning: Nashorn engine is planned to be removed from a future JDK release
2026-01-29 17:19:18,528 ERROR [NiFi logging handler] org.apache.nifi.StdErr Warning: Nashorn engine is planned to be removed from a future JDK release
2026-01-29 17:19:18,552 ERROR [NiFi logging handler] org.apache.nifi.StdErr Warning: Nashorn engine is planned to be removed from a future JDK release
2026-01-29 17:19:18,609 ERROR [NiFi logging handler] org.apache.nifi.StdErr Warning: Nashorn engine is planned to be removed from a future JDK release
2026-01-29 17:19:18,663 ERROR [NiFi logging handler] org.apache.nifi.StdErr Warning: Nashorn engine is planned to be removed from a future JDK release
2026-01-29 17:19:19,034 ERROR [NiFi logging handler] org.apache.nifi.StdErr Warning: Nashorn engine is planned to be removed from a future JDK release
2026-01-29 17:20:14,120 ERROR [NiFi logging handler] org.apache.nifi.StdErr WARNING: An illegal reflective access operation has occurred
2026-01-29 17:20:14,121 ERROR [NiFi logging handler] org.apache.nifi.StdErr WARNING: Illegal reflective access by org.springframework.cglib.core.ReflectUtils (file:/opt/nifi/nifi-current/./work/nar/framework/nifi-framework-nar-1.20.0.nar-unpacked/NAR-INF/bundled-dependencies/spring-core-5.3.24.jar) to method java.lang.ClassLoader.defineClass(java.lang.String,byte[],int,int,java.security.ProtectionDomain)
2026-01-29 17:20:14,121 ERROR [NiFi logging handler] org.apache.nifi.StdErr WARNING: Please consider reporting this to the maintainers of org.springframework.cglib.core.ReflectUtils
2026-01-29 17:20:14,122 ERROR [NiFi logging handler] org.apache.nifi.StdErr WARNING: Use --illegal-access=warn to enable warnings of further illegal reflective access operations
2026-01-29 17:20:14,122 ERROR [NiFi logging handler] org.apache.nifi.StdErr WARNING: All illegal access operations will be denied in a future release
2026-01-29 17:48:27,896 INFO [main] o.a.n.b.NotificationServiceManager Successfully loaded the following 0 services: []
2026-01-29 17:48:27,903 INFO [main] org.apache.nifi.bootstrap.RunNiFi Registered no Notification Services for Notification Type NIFI_STARTED
2026-01-29 17:48:27,903 INFO [main] org.apache.nifi.bootstrap.RunNiFi Registered no Notification Services for Notification Type NIFI_STOPPED
2026-01-29 17:48:27,905 INFO [main] org.apache.nifi.bootstrap.RunNiFi Registered no Notification Services for Notification Type NIFI_DIED
2026-01-29 17:48:27,937 INFO [main] org.apache.nifi.bootstrap.Command Apache NiFi has accepted the Shutdown Command and is shutting down now
2026-01-29 17:48:27,987 INFO [main] org.apache.nifi.bootstrap.Command NiFi PID [88] shutdown in progress...
2026-01-29 17:48:30,010 INFO [main] org.apache.nifi.bootstrap.Command NiFi PID [88] shutdown completed
2026-01-29 17:48:30,564 INFO [main] org.apache.nifi.bootstrap.RunNiFi Status File no longer exists. Will not restart NiFi
2026-01-29 18:27:12,577 WARN [main] o.a.n.b.c.GetRunCommandBootstrapCommand Invalid host [] configured for [nifi.web.proxy.host] in nifi.properties
2026-01-29 18:27:13,811 INFO [main] o.a.n.b.c.GetRunCommandBootstrapCommand Generated Self-Signed Certificate Expiration: 2026-03-30
2026-01-29 18:27:13,811 INFO [main] o.a.n.b.c.GetRunCommandBootstrapCommand Generated Self-Signed Certificate SHA-256: 627D9C5E8BB28DB9F5406E86BAB0389E2EE416C0ADBF72DE4A9F6531CE5A6F39
2026-01-29 18:29:32,743 INFO [main] org.apache.nifi.bootstrap.Command Application Process [46] termination requested
2026-01-29 18:29:33,782 INFO [main] org.apache.nifi.bootstrap.Command Application Process [46] termination completed
2026-01-29 18:29:44,099 WARN [main] o.a.n.b.c.GetRunCommandBootstrapCommand Invalid host [] configured for [nifi.web.proxy.host] in nifi.properties
2026-01-29 18:29:45,247 INFO [main] o.a.n.b.c.GetRunCommandBootstrapCommand Generated Self-Signed Certificate Expiration: 2026-03-30
2026-01-29 18:29:45,248 INFO [main] o.a.n.b.c.GetRunCommandBootstrapCommand Generated Self-Signed Certificate SHA-256: A0DA8FD1C5AFD653C57132E7395DF4289C0E853ED36146E36940DDBD971A23A4
2026-01-29 18:40:19,911 INFO [main] o.a.n.b.NotificationServiceManager Successfully loaded the following 0 services: []
2026-01-29 18:40:19,917 INFO [main] org.apache.nifi.bootstrap.RunNiFi Registered no Notification Services for Notification Type NIFI_STARTED
2026-01-29 18:40:19,917 INFO [main] org.apache.nifi.bootstrap.RunNiFi Registered no Notification Services for Notification Type NIFI_STOPPED
2026-01-29 18:40:19,917 INFO [main] org.apache.nifi.bootstrap.RunNiFi Registered no Notification Services for Notification Type NIFI_DIED
2026-01-29 18:40:19,924 INFO [main] org.apache.nifi.bootstrap.RunNiFi Runtime Java version: 1.8.0_292
2026-01-29 18:40:19,966 INFO [main] org.apache.nifi.bootstrap.Command Starting Apache NiFi...
2026-01-29 18:40:19,970 INFO [main] org.apache.nifi.bootstrap.Command Working Directory: /opt/nifi/nifi-current
2026-01-29 18:40:19,970 INFO [main] org.apache.nifi.bootstrap.Command Command: /usr/local/openjdk-8/bin/java -classpath /opt/nifi/nifi-current/./conf:/opt/nifi/nifi-current/./lib/nifi-runtime-1.14.0.jar:/opt/nifi/nifi-current/./lib/nifi-server-api-1.14.0.jar:/opt/nifi/nifi-current/./lib/logback-classic-1.2.3.jar:/opt/nifi/nifi-current/./lib/jul-to-slf4j-1.7.30.jar:/opt/nifi/nifi-current/./lib/nifi-stateless-bootstrap-1.14.0.jar:/opt/nifi/nifi-current/./lib/nifi-nar-utils-1.14.0.jar:/opt/nifi/nifi-current/./lib/logback-core-1.2.3.jar:/opt/nifi/nifi-current/./lib/nifi-properties-1.14.0.jar:/opt/nifi/nifi-current/./lib/jetty-schemas-3.1.jar:/opt/nifi/nifi-current/./lib/javax.servlet-api-3.1.0.jar:/opt/nifi/nifi-current/./lib/nifi-property-utils-1.14.0.jar:/opt/nifi/nifi-current/./lib/jcl-over-slf4j-1.7.30.jar:/opt/nifi/nifi-current/./lib/slf4j-api-1.7.30.jar:/opt/nifi/nifi-current/./lib/log4j-over-slf4j-1.7.30.jar:/opt/nifi/nifi-current/./lib/nifi-api-1.14.0.jar:/opt/nifi/nifi-current/./lib/nifi-stateless-api-1.14.0.jar:/opt/nifi/nifi-current/./lib/nifi-framework-api-1.14.0.jar -Dorg.apache.jasper.compiler.disablejsr199=true -Xmx512m -Xms512m -Dcurator-log-only-first-connection-issue-as-error-level=true -Djavax.security.auth.useSubjectCredsOnly=true -Djava.security.egd=file:/dev/urandom -Dzookeeper.admin.enableServer=false -Dsun.net.http.allowRestrictedHeaders=true -Djava.net.preferIPv4Stack=true -Djava.awt.headless=true -Djava.protocol.handler.pkgs=sun.net.www.protocol -Dnifi.properties.file.path=/opt/nifi/nifi-current/./conf/nifi.properties -Dnifi.bootstrap.listen.port=37039 -Dapp=NiFi -Dorg.apache.nifi.bootstrap.config.log.dir=/opt/nifi/nifi-current/logs org.apache.nifi.NiFi 
2026-01-29 18:40:20,009 INFO [main] org.apache.nifi.bootstrap.Command Launched Apache NiFi with Process ID 85
2026-01-29 18:40:21,459 INFO [NiFi Bootstrap Command Listener] org.apache.nifi.bootstrap.RunNiFi Apache NiFi now running and listening for Bootstrap requests on port 43151
2026-01-29 18:40:47,153 INFO [main] o.a.n.b.NotificationServiceManager Successfully loaded the following 0 services: []
2026-01-29 18:40:47,157 INFO [main] org.apache.nifi.bootstrap.RunNiFi Registered no Notification Services for Notification Type NIFI_STARTED
2026-01-29 18:40:47,157 INFO [main] org.apache.nifi.bootstrap.RunNiFi Registered no Notification Services for Notification Type NIFI_STOPPED
2026-01-29 18:40:47,157 INFO [main] org.apache.nifi.bootstrap.RunNiFi Registered no Notification Services for Notification Type NIFI_DIED
2026-01-29 18:40:47,175 INFO [main] org.apache.nifi.bootstrap.Command Apache NiFi has accepted the Shutdown Command and is shutting down now
2026-01-29 18:40:47,217 INFO [main] org.apache.nifi.bootstrap.Command Waiting for Apache NiFi to finish shutting down...
2026-01-29 18:40:49,226 INFO [main] org.apache.nifi.bootstrap.Command Waiting for Apache NiFi to finish shutting down...
2026-01-29 18:40:51,230 INFO [main] org.apache.nifi.bootstrap.Command Waiting for Apache NiFi to finish shutting down...
2026-01-29 18:40:53,247 INFO [main] org.apache.nifi.bootstrap.Command Waiting for Apache NiFi to finish shutting down...
2026-01-29 18:40:55,264 INFO [main] org.apache.nifi.bootstrap.Command Waiting for Apache NiFi to finish shutting down...
2026-01-29 18:44:41,199 WARN [main] o.a.n.b.c.GetRunCommandBootstrapCommand Invalid host [] configured for [nifi.web.proxy.host] in nifi.properties
2026-01-29 18:44:41,871 INFO [main] o.a.n.b.c.GetRunCommandBootstrapCommand Generated Self-Signed Certificate Expiration: 2026-03-30
2026-01-29 18:44:41,871 INFO [main] o.a.n.b.c.GetRunCommandBootstrapCommand Generated Self-Signed Certificate SHA-256: 34E4BD026A314017A7122876E45A9D3EED77951F58F497EA050B5172F4574BB0
2026-01-29 18:47:25,502 INFO [main] org.apache.nifi.bootstrap.Command Application Process [46] termination requested
2026-01-29 18:47:26,530 INFO [main] org.apache.nifi.bootstrap.Command Application Process [46] termination completed
2026-01-29 18:50:30,122 INFO [main] org.apache.nifi.bootstrap.Command Application Process [46] termination requested
2026-01-29 18:50:31,150 INFO [main] org.apache.nifi.bootstrap.Command Application Process [46] termination completed
2026-01-29 18:50:47,458 INFO [main] org.apache.nifi.bootstrap.Command Application Process [46] termination requested
2026-01-29 18:50:48,107 INFO [main] org.apache.nifi.bootstrap.Command Application Process [46] termination completed
2026-01-29 18:51:02,237 WARN [main] o.a.n.b.c.GetRunCommandBootstrapCommand Invalid host [] configured for [nifi.web.proxy.host] in nifi.properties
2026-01-29 18:51:02,668 INFO [main] o.a.n.b.c.GetRunCommandBootstrapCommand Generated Self-Signed Certificate Expiration: 2026-03-30
2026-01-29 18:51:02,668 INFO [main] o.a.n.b.c.GetRunCommandBootstrapCommand Generated Self-Signed Certificate SHA-256: 18C8B1AE2A56ADC25718196D6F6D7067B77B14E1967A1F81C25088E8CA95D145
